2026-01-20T11:10:25.113Z [INFO]: Server running in development mode on port 3000
2026-01-20T12:05:47.790Z [INFO]: Server running in development mode on port 3000
2026-01-20T12:05:48.177Z [ERROR]: ❌ Database connection failed:
2026-01-20T12:06:35.608Z [INFO]: Server running in development mode on port 3000
2026-01-20T12:06:35.647Z [INFO]: ✅ Database connected successfully
2026-01-20T12:10:08.955Z [INFO]: Server running in development mode on port 3000
2026-01-20T12:10:08.991Z [INFO]: ✅ Database connected successfully
2026-01-20T12:11:26.628Z [INFO]: Server running in development mode on port 3000
2026-01-20T12:11:26.663Z [INFO]: ✅ Database connected successfully
2026-01-20T12:18:01.269Z [INFO]: Server running in development mode on port 3000
2026-01-20T12:18:01.306Z [INFO]: ✅ Database connected successfully
2026-01-20T12:19:56.808Z [INFO]: Server running in development mode on port 3000
2026-01-20T12:19:56.847Z [INFO]: ✅ Database connected successfully
2026-01-20T12:21:03.287Z [INFO]: Server running in development mode on port 3000
2026-01-20T12:21:03.334Z [INFO]: ✅ Database connected successfully
2026-01-20T12:21:11.345Z [INFO]: New guru registered: ci-guru@example.com (pending approval)
2026-01-20T12:35:53.573Z [INFO]: ✅ Database connected successfully
2026-01-20T12:37:20.124Z [INFO]: User logged in: admin@p4jakarta.go.id
2026-01-20T12:37:20.190Z [ERROR]: Database query error: Unknown column 'g.created_at' in 'order clause'
2026-01-20T12:37:20.191Z [ERROR]: Show admin dashboard error: Unknown column 'g.created_at' in 'order clause'
2026-01-20T12:37:36.426Z [ERROR]: Database query error: Unknown column 'g.created_at' in 'order clause'
2026-01-20T12:37:36.427Z [ERROR]: Show admin dashboard error: Unknown column 'g.created_at' in 'order clause'
2026-01-20T12:37:38.938Z [ERROR]: Database query error: Unknown column 'a.created_at' in 'field list'
2026-01-20T12:37:38.940Z [ERROR]: Show manage admin error: Unknown column 'a.created_at' in 'field list'
2026-01-20T12:37:38.977Z [ERROR]: Database query error: Unknown column 'g.created_at' in 'order clause'
2026-01-20T12:37:38.977Z [ERROR]: Show admin dashboard error: Unknown column 'g.created_at' in 'order clause'
2026-01-20T12:37:40.849Z [ERROR]: Database query error: Unknown column 'g.created_at' in 'order clause'
2026-01-20T12:37:40.850Z [ERROR]: Show approve guru error: Unknown column 'g.created_at' in 'order clause'
2026-01-20T12:37:40.882Z [ERROR]: Database query error: Unknown column 'g.created_at' in 'order clause'
2026-01-20T12:37:40.884Z [ERROR]: Show admin dashboard error: Unknown column 'g.created_at' in 'order clause'
2026-01-20T12:37:43.016Z [ERROR]: Database query error: Unknown column 'g.created_at' in 'order clause'
2026-01-20T12:37:43.017Z [ERROR]: Show approve guru error: Unknown column 'g.created_at' in 'order clause'
2026-01-20T12:37:43.048Z [ERROR]: Database query error: Unknown column 'g.created_at' in 'order clause'
2026-01-20T12:37:43.049Z [ERROR]: Show admin dashboard error: Unknown column 'g.created_at' in 'order clause'
2026-01-20T12:37:44.401Z [ERROR]: Database query error: Unknown column 'g.created_at' in 'order clause'
2026-01-20T12:37:44.402Z [ERROR]: Show approve guru error: Unknown column 'g.created_at' in 'order clause'
2026-01-20T12:37:44.434Z [ERROR]: Database query error: Unknown column 'g.created_at' in 'order clause'
2026-01-20T12:37:44.434Z [ERROR]: Show admin dashboard error: Unknown column 'g.created_at' in 'order clause'
2026-01-20T12:37:45.545Z [ERROR]: Database query error: Unknown column 'p.created_at' in 'order clause'
2026-01-20T12:37:45.546Z [ERROR]: Show manage peserta error: Unknown column 'p.created_at' in 'order clause'
2026-01-20T12:37:45.576Z [ERROR]: Database query error: Unknown column 'g.created_at' in 'order clause'
2026-01-20T12:37:45.577Z [ERROR]: Show admin dashboard error: Unknown column 'g.created_at' in 'order clause'
2026-01-20T12:38:22.937Z [ERROR]: Database query error: Unknown column 'g.created_at' in 'order clause'
2026-01-20T12:38:22.937Z [ERROR]: Show admin dashboard error: Unknown column 'g.created_at' in 'order clause'
2026-01-20T12:38:31.701Z [ERROR]: Database query error: Unknown column 'g.created_at' in 'order clause'
2026-01-20T12:38:31.703Z [ERROR]: Show admin dashboard error: Unknown column 'g.created_at' in 'order clause'
2026-01-20T12:39:58.936Z [ERROR]: Database query error: Unknown column 'a.created_at' in 'field list'
2026-01-20T12:39:58.937Z [ERROR]: Show manage admin error: Unknown column 'a.created_at' in 'field list'
2026-01-20T12:39:58.976Z [ERROR]: Database query error: Unknown column 'g.created_at' in 'order clause'
2026-01-20T12:39:58.977Z [ERROR]: Show admin dashboard error: Unknown column 'g.created_at' in 'order clause'
2026-01-20T12:40:00.592Z [ERROR]: Database query error: Unknown column 'g.created_at' in 'order clause'
2026-01-20T12:40:00.593Z [ERROR]: Show approve guru error: Unknown column 'g.created_at' in 'order clause'
2026-01-20T12:40:00.624Z [ERROR]: Database query error: Unknown column 'g.created_at' in 'order clause'
2026-01-20T12:40:00.625Z [ERROR]: Show admin dashboard error: Unknown column 'g.created_at' in 'order clause'
2026-01-20T12:40:02.143Z [ERROR]: Database query error: Unknown column 'p.created_at' in 'order clause'
2026-01-20T12:40:02.143Z [ERROR]: Show manage peserta error: Unknown column 'p.created_at' in 'order clause'
2026-01-20T12:40:02.175Z [ERROR]: Database query error: Unknown column 'g.created_at' in 'order clause'
2026-01-20T12:40:02.175Z [ERROR]: Show admin dashboard error: Unknown column 'g.created_at' in 'order clause'
2026-01-20T12:41:40.943Z [INFO]: ✅ Database connected successfully
2026-01-20T12:41:40.960Z [ERROR]: Database query error: Unknown column 'kuota' in 'field list'
2026-01-20T12:42:55.025Z [ERROR]: Database query error: Unknown column 'g.created_at' in 'order clause'
2026-01-20T12:42:55.026Z [ERROR]: Show admin dashboard error: Unknown column 'g.created_at' in 'order clause'
2026-01-20T12:50:53.805Z [INFO]: ✅ Database connected successfully
2026-01-20T12:50:53.816Z [ERROR]: Database query error: Unknown column 'tanggal_mulai' in 'field list'
2026-01-20T12:52:52.220Z [INFO]: ✅ Database connected successfully
2026-01-20T12:56:55.093Z [ERROR]: Database query error: Unknown column 'g.created_at' in 'order clause'
2026-01-20T12:56:55.096Z [ERROR]: Show admin dashboard error: Unknown column 'g.created_at' in 'order clause'
2026-01-20T12:57:01.427Z [ERROR]: Database query error: Unknown column 'a.created_at' in 'field list'
2026-01-20T12:57:01.428Z [ERROR]: Show manage admin error: Unknown column 'a.created_at' in 'field list'
2026-01-20T12:57:01.458Z [ERROR]: Database query error: Unknown column 'g.created_at' in 'order clause'
2026-01-20T12:57:01.459Z [ERROR]: Show admin dashboard error: Unknown column 'g.created_at' in 'order clause'
2026-01-20T12:57:03.864Z [ERROR]: Database query error: Unknown column 'g.created_at' in 'order clause'
2026-01-20T12:57:03.865Z [ERROR]: Show approve guru error: Unknown column 'g.created_at' in 'order clause'
2026-01-20T12:57:03.902Z [ERROR]: Database query error: Unknown column 'g.created_at' in 'order clause'
2026-01-20T12:57:03.903Z [ERROR]: Show admin dashboard error: Unknown column 'g.created_at' in 'order clause'
2026-01-20T12:57:05.253Z [ERROR]: Database query error: Unknown column 'p.created_at' in 'order clause'
2026-01-20T12:57:05.258Z [ERROR]: Show manage peserta error: Unknown column 'p.created_at' in 'order clause'
2026-01-20T12:57:05.288Z [ERROR]: Database query error: Unknown column 'g.created_at' in 'order clause'
2026-01-20T12:57:05.289Z [ERROR]: Show admin dashboard error: Unknown column 'g.created_at' in 'order clause'
2026-01-20T12:57:20.658Z [ERROR]: Database query error: Unknown column 'a.created_at' in 'field list'
2026-01-20T12:57:20.659Z [ERROR]: Show manage admin error: Unknown column 'a.created_at' in 'field list'
2026-01-20T12:57:20.688Z [ERROR]: Database query error: Unknown column 'g.created_at' in 'order clause'
2026-01-20T12:57:20.689Z [ERROR]: Show admin dashboard error: Unknown column 'g.created_at' in 'order clause'
2026-01-20T12:57:27.040Z [ERROR]: Database query error: Unknown column 'a.created_at' in 'field list'
2026-01-20T12:57:27.041Z [ERROR]: Show manage admin error: Unknown column 'a.created_at' in 'field list'
2026-01-20T12:57:27.097Z [ERROR]: Database query error: Unknown column 'g.created_at' in 'order clause'
2026-01-20T12:57:27.098Z [ERROR]: Show admin dashboard error: Unknown column 'g.created_at' in 'order clause'
2026-01-20T12:57:28.694Z [ERROR]: Database query error: Unknown column 'g.created_at' in 'order clause'
2026-01-20T12:57:28.694Z [ERROR]: Show admin dashboard error: Unknown column 'g.created_at' in 'order clause'
2026-01-20T12:57:30.375Z [ERROR]: Database query error: Unknown column 'a.created_at' in 'field list'
2026-01-20T12:57:30.376Z [ERROR]: Show manage admin error: Unknown column 'a.created_at' in 'field list'
2026-01-20T12:57:30.411Z [ERROR]: Database query error: Unknown column 'g.created_at' in 'order clause'
2026-01-20T12:57:30.412Z [ERROR]: Show admin dashboard error: Unknown column 'g.created_at' in 'order clause'
2026-01-20T12:57:31.724Z [ERROR]: Database query error: Unknown column 'g.created_at' in 'order clause'
2026-01-20T12:57:31.725Z [ERROR]: Show approve guru error: Unknown column 'g.created_at' in 'order clause'
2026-01-20T12:57:31.774Z [ERROR]: Database query error: Unknown column 'g.created_at' in 'order clause'
2026-01-20T12:57:31.776Z [ERROR]: Show admin dashboard error: Unknown column 'g.created_at' in 'order clause'
2026-01-20T12:57:32.669Z [ERROR]: Database query error: Unknown column 'p.created_at' in 'order clause'
2026-01-20T12:57:32.670Z [ERROR]: Show manage peserta error: Unknown column 'p.created_at' in 'order clause'
2026-01-20T12:57:32.699Z [ERROR]: Database query error: Unknown column 'g.created_at' in 'order clause'
2026-01-20T12:57:32.699Z [ERROR]: Show admin dashboard error: Unknown column 'g.created_at' in 'order clause'
2026-01-20T12:58:51.464Z [ERROR]: Database query error: Unknown column 'g.created_at' in 'order clause'
2026-01-20T12:58:51.471Z [ERROR]: Show admin dashboard error: Unknown column 'g.created_at' in 'order clause'
2026-01-20T13:00:01.405Z [ERROR]: Database query error: Unknown column 'p.created_at' in 'order clause'
2026-01-20T13:00:01.406Z [ERROR]: Show manage peserta error: Unknown column 'p.created_at' in 'order clause'
2026-01-20T13:00:01.460Z [ERROR]: Database query error: Unknown column 'g.created_at' in 'order clause'
2026-01-20T13:00:01.461Z [ERROR]: Show admin dashboard error: Unknown column 'g.created_at' in 'order clause'
2026-01-20T13:00:02.315Z [ERROR]: Database query error: Unknown column 'g.created_at' in 'order clause'
2026-01-20T13:00:02.315Z [ERROR]: Show approve guru error: Unknown column 'g.created_at' in 'order clause'
2026-01-20T13:00:02.340Z [ERROR]: Database query error: Unknown column 'g.created_at' in 'order clause'
2026-01-20T13:00:02.340Z [ERROR]: Show admin dashboard error: Unknown column 'g.created_at' in 'order clause'
2026-01-20T13:04:09.773Z [INFO]: Server running in development mode on port 3000
2026-01-20T13:04:09.800Z [INFO]: ✅ Database connected successfully
2026-01-20T13:05:59.143Z [INFO]: Server running in development mode on port 3000
2026-01-20T13:05:59.185Z [INFO]: ✅ Database connected successfully
2026-01-20T13:11:35.321Z [INFO]: Server running in development mode on port 3000
2026-01-20T13:11:35.356Z [INFO]: ✅ Database connected successfully
2026-01-20T13:12:14.206Z [ERROR]: Database query error: Unknown column 'g.created_at' in 'order clause'
2026-01-20T13:12:14.207Z [ERROR]: Show admin dashboard error: Unknown column 'g.created_at' in 'order clause'
2026-01-20T13:12:24.768Z [ERROR]: Database query error: Unknown column 'g.created_at' in 'order clause'
2026-01-20T13:12:24.770Z [ERROR]: Show admin dashboard error: Unknown column 'g.created_at' in 'order clause'
2026-01-20T13:12:45.766Z [ERROR]: Database query error: Unknown column 'g.created_at' in 'order clause'
2026-01-20T13:12:45.767Z [ERROR]: Show admin dashboard error: Unknown column 'g.created_at' in 'order clause'
2026-01-20T13:12:46.510Z [ERROR]: Database query error: Unknown column 'g.created_at' in 'order clause'
2026-01-20T13:12:46.511Z [ERROR]: Show admin dashboard error: Unknown column 'g.created_at' in 'order clause'
2026-01-20T13:12:46.731Z [ERROR]: Database query error: Unknown column 'g.created_at' in 'order clause'
2026-01-20T13:12:46.732Z [ERROR]: Show admin dashboard error: Unknown column 'g.created_at' in 'order clause'
2026-01-20T13:13:44.282Z [INFO]: Server running in development mode on port 3000
2026-01-20T13:13:44.315Z [INFO]: ✅ Database connected successfully
2026-01-20T13:13:51.921Z [ERROR]: Database query error: Unknown column 'g.created_at' in 'order clause'
2026-01-20T13:13:51.922Z [ERROR]: Show admin dashboard error: Unknown column 'g.created_at' in 'order clause'
2026-01-20T13:14:01.841Z [ERROR]: Database query error: Unknown column 'g.created_at' in 'order clause'
2026-01-20T13:14:01.841Z [ERROR]: Show admin dashboard error: Unknown column 'g.created_at' in 'order clause'
2026-01-20T13:14:25.069Z [INFO]: Server running in development mode on port 3000
2026-01-20T13:14:25.106Z [INFO]: ✅ Database connected successfully
2026-01-20T13:14:28.869Z [ERROR]: Database query error: Unknown column 'g.created_at' in 'order clause'
2026-01-20T13:14:28.870Z [ERROR]: Show admin dashboard error: Unknown column 'g.created_at' in 'order clause'
2026-01-20T13:14:32.389Z [ERROR]: Database query error: Unknown column 'g.created_at' in 'order clause'
2026-01-20T13:14:32.389Z [ERROR]: Show admin dashboard error: Unknown column 'g.created_at' in 'order clause'
2026-01-20T13:17:25.579Z [INFO]: ✅ Database connected successfully
2026-01-20T13:17:25.588Z [ERROR]: Database query error: Unknown column 'g.created_at' in 'order clause'
2026-01-20T13:19:45.373Z [INFO]: ✅ Database connected successfully
2026-01-20T13:20:53.236Z [INFO]: ✅ Database connected successfully
2026-01-20T13:21:39.873Z [INFO]: ✅ Database connected successfully
2026-01-20T13:22:36.049Z [INFO]: ✅ Database connected successfully
2026-01-20T13:23:05.894Z [INFO]: ✅ Database connected successfully
2026-01-20T13:24:59.255Z [INFO]: ✅ Database connected successfully
2026-01-20T13:27:28.512Z [INFO]: ✅ Database connected successfully
2026-01-20T13:28:06.699Z [INFO]: ✅ Database connected successfully
2026-01-20T13:28:47.089Z [INFO]: ✅ Database connected successfully
2026-01-20T13:29:36.575Z [INFO]: ✅ Database connected successfully
2026-01-20T13:30:47.342Z [INFO]: ✅ Database connected successfully
2026-01-20T13:46:28.180Z [INFO]: User logged in: admin@p4jakarta.go.id
2026-01-20T13:47:31.480Z [INFO]: User logged in: admin@p4jakarta.go.id
2026-01-20T13:50:52.220Z [INFO]: ✅ Database connected successfully
2026-01-20T13:52:21.885Z [INFO]: Server running in development mode on port 3000
2026-01-20T13:52:21.935Z [INFO]: ✅ Database connected successfully
2026-01-20T13:53:05.993Z [INFO]: Server running in development mode on port 3000
2026-01-20T13:53:06.035Z [INFO]: ✅ Database connected successfully
2026-01-20T13:53:25.579Z [ERROR]: Database query error: Bind parameters must not contain undefined. To pass SQL NULL specify JS null
2026-01-20T13:53:25.580Z [ERROR]: Register peserta error: Bind parameters must not contain undefined. To pass SQL NULL specify JS null
2026-01-20T13:55:19.906Z [INFO]: Server running in development mode on port 3000
2026-01-20T13:55:19.953Z [INFO]: ✅ Database connected successfully
2026-01-20T13:56:22.485Z [INFO]: Server running in development mode on port 3000
2026-01-20T13:56:22.532Z [INFO]: ✅ Database connected successfully
2026-01-20T13:56:23.596Z [INFO]: Server running in development mode on port 3000
2026-01-20T13:56:23.630Z [INFO]: ✅ Database connected successfully
2026-01-20T13:57:20.505Z [INFO]: Server running in development mode on port 3000
2026-01-20T13:57:20.541Z [INFO]: ✅ Database connected successfully
2026-01-20T13:58:40.313Z [INFO]: Server running in development mode on port 3000
2026-01-20T13:58:40.348Z [INFO]: ✅ Database connected successfully
2026-01-20T13:59:27.401Z [INFO]: ✅ Database connected successfully
2026-01-20T14:01:07.388Z [ERROR]: Database query error: Bind parameters must not contain undefined. To pass SQL NULL specify JS null
2026-01-20T14:01:07.389Z [ERROR]: Register peserta error: Bind parameters must not contain undefined. To pass SQL NULL specify JS null
2026-01-20T14:01:15.402Z [INFO]: User logged in: admin@p4jakarta.go.id
2026-01-20T14:05:18.013Z [INFO]: Server running in development mode on port 3000
2026-01-20T14:05:18.047Z [INFO]: ✅ Database connected successfully
2026-01-20T14:09:51.912Z [INFO]: Server running in development mode on port 3000
2026-01-20T14:09:51.950Z [INFO]: ✅ Database connected successfully
2026-01-20T14:11:55.005Z [INFO]: Server running in development mode on port 3000
2026-01-20T14:11:55.056Z [INFO]: ✅ Database connected successfully
2026-01-20T14:14:32.683Z [INFO]: ✅ Database connected successfully
2026-01-20T14:15:20.421Z [INFO]: Server running in development mode on port 3000
2026-01-20T14:15:20.462Z [INFO]: ✅ Database connected successfully
2026-01-20T14:16:53.645Z [INFO]: Server running in development mode on port 3000
2026-01-20T14:16:53.678Z [INFO]: ✅ Database connected successfully
2026-01-20T14:24:03.650Z [ERROR]: Database query error: Bind parameters must not contain undefined. To pass SQL NULL specify JS null
2026-01-20T14:24:03.651Z [ERROR]: Register peserta error: Bind parameters must not contain undefined. To pass SQL NULL specify JS null
2026-01-20T14:29:18.761Z [INFO]: Server running in development mode on port 3000
2026-01-20T14:29:18.802Z [INFO]: ✅ Database connected successfully
2026-01-20T14:45:39.706Z [INFO]: Server running in development mode on port 3000
2026-01-20T14:45:39.745Z [INFO]: ✅ Database connected successfully
2026-01-20T14:49:26.125Z [INFO]: Server running in development mode on port 3000
2026-01-20T14:49:26.178Z [INFO]: ✅ Database connected successfully
2026-01-20T14:51:01.953Z [ERROR]: Database query error: Bind parameters must not contain undefined. To pass SQL NULL specify JS null
2026-01-20T14:51:01.954Z [ERROR]: Register peserta error: Bind parameters must not contain undefined. To pass SQL NULL specify JS null
2026-01-20T14:51:19.363Z [ERROR]: Database query error: Bind parameters must not contain undefined. To pass SQL NULL specify JS null
2026-01-20T14:51:19.364Z [ERROR]: Register peserta error: Bind parameters must not contain undefined. To pass SQL NULL specify JS null
2026-01-20T14:51:55.450Z [INFO]: User logged in: admin@p4jakarta.go.id
2026-01-20T23:11:18.103Z [INFO]: Server running in development mode on port 3000
2026-01-20T23:11:18.273Z [INFO]: ✅ Database connected successfully
2026-01-20T23:15:01.379Z [INFO]: User logged in: admin@p4jakarta.go.id
2026-01-20T23:19:18.136Z [INFO]: User logged in: admin@p4jakarta.go.id
2026-01-20T23:20:37.841Z [INFO]: Server running in development mode on port 3000
2026-01-20T23:20:37.886Z [INFO]: ✅ Database connected successfully
2026-01-20T23:21:16.125Z [ERROR]: Database query error: Bind parameters must not contain undefined. To pass SQL NULL specify JS null
2026-01-20T23:21:16.127Z [ERROR]: Register peserta error: Bind parameters must not contain undefined. To pass SQL NULL specify JS null
2026-01-20T23:23:20.260Z [INFO]: Server running in development mode on port 3000
2026-01-20T23:23:20.302Z [INFO]: ✅ Database connected successfully
2026-01-20T23:27:41.326Z [INFO]: Server running in development mode on port 3000
2026-01-20T23:27:41.349Z [INFO]: ✅ Database connected successfully
2026-01-20T23:28:55.934Z [INFO]: Server running in development mode on port 3000
2026-01-20T23:28:55.961Z [INFO]: ✅ Database connected successfully
2026-01-20T23:30:33.221Z [INFO]: Server running in development mode on port 3000
2026-01-20T23:30:33.252Z [INFO]: ✅ Database connected successfully
2026-01-20T23:32:26.456Z [INFO]: Server running in development mode on port 3000
2026-01-20T23:32:26.477Z [INFO]: ✅ Database connected successfully
2026-01-20T23:34:02.952Z [INFO]: New peserta registered: aziz@gmail.com
2026-01-20T23:37:19.974Z [INFO]: New guru registered: guru@gmail.com (pending approval)
2026-01-20T23:37:56.442Z [INFO]: User logged in: admin@p4jakarta.go.id
2026-01-20T23:43:24.041Z [INFO]: ✅ Database connected successfully
2026-01-20T23:45:26.628Z [INFO]: Server running in development mode on port 3000
2026-01-20T23:45:26.660Z [INFO]: ✅ Database connected successfully
2026-01-20T23:46:43.869Z [INFO]: User logged in: guru@gmail.com
2026-01-21T00:03:06.604Z [INFO]: Server running in development mode on port 3000
2026-01-21T00:03:06.631Z [INFO]: ✅ Database connected successfully
2026-01-21T00:28:49.510Z [INFO]: Server running in development mode on port 3000
2026-01-21T00:28:49.535Z [INFO]: ✅ Database connected successfully
2026-01-21T00:34:52.404Z [INFO]: Server running in development mode on port 3000
2026-01-21T00:34:52.430Z [INFO]: ✅ Database connected successfully
2026-01-21T00:36:04.880Z [INFO]: User logged in: guru@gmail.com
2026-01-21T00:41:29.524Z [INFO]: ✅ Database connected successfully
2026-01-21T00:41:29.533Z [ERROR]: Database query error: Table 'p4.materials' doesn't exist
2026-01-21T00:42:27.318Z [INFO]: ✅ Database connected successfully
2026-01-21T00:43:38.055Z [INFO]: Server running in development mode on port 3000
2026-01-21T00:43:38.082Z [INFO]: ✅ Database connected successfully
2026-01-21T00:44:04.551Z [INFO]: ✅ Database connected successfully
2026-01-21T00:49:29.107Z [INFO]: ✅ Database connected successfully
2026-01-21T00:53:45.423Z [INFO]: ✅ Database connected successfully
2026-01-21T00:56:24.421Z [INFO]: User logged in: admin@p4jakarta.go.id
2026-01-21T00:59:07.155Z [INFO]: Server running in development mode on port 3000
2026-01-21T00:59:07.182Z [INFO]: ✅ Database connected successfully
2026-01-21T00:59:40.618Z [INFO]: ✅ Database connected successfully
2026-01-21T01:00:04.991Z [INFO]: ✅ Database connected successfully
2026-01-21T01:00:22.897Z [INFO]: ✅ Database connected successfully
2026-01-21T01:00:44.653Z [INFO]: ✅ Database connected successfully
2026-01-21T01:01:05.094Z [INFO]: Server running in development mode on port 3000
2026-01-21T01:01:05.119Z [INFO]: ✅ Database connected successfully
2026-01-21T01:01:28.341Z [INFO]: User logged in: guru@gmail.com
2026-01-21T01:01:36.267Z [INFO]: ✅ Database connected successfully
2026-01-21T01:01:36.276Z [ERROR]: Database query error: Table 'p4.user' doesn't exist
2026-01-21T01:01:56.896Z [INFO]: ✅ Database connected successfully
2026-01-21T01:02:05.147Z [INFO]: ✅ Database connected successfully
2026-01-21T01:02:14.817Z [INFO]: ✅ Database connected successfully
2026-01-21T01:11:44.684Z [INFO]: User logged in: guru@gmail.com
2026-01-21T01:14:20.658Z [INFO]: ✅ Database connected successfully
2026-01-21T01:14:31.088Z [INFO]: ✅ Database connected successfully
2026-01-21T01:14:52.436Z [INFO]: User logged in: guru@gmail.com
2026-01-21T01:15:23.750Z [INFO]: User logged in: guru@gmail.com
2026-01-21T01:15:23.782Z [INFO]: Material uploaded by guru 2: 1768958123776_materials_test.pdf
2026-01-21T01:15:23.969Z [INFO]: ✅ Database connected successfully
2026-01-21T01:15:40.115Z [INFO]: ✅ Database connected successfully
2026-01-21T01:15:45.979Z [INFO]: User logged in: guru@gmail.com
2026-01-21T01:15:45.997Z [INFO]: Material uploaded by guru 2: 1768958145992_materials_test.pdf
2026-01-21T01:15:46.205Z [INFO]: ✅ Database connected successfully
2026-01-21T01:19:13.571Z [INFO]: User logged in: guru@gmail.com
2026-01-21T01:19:13.586Z [INFO]: Material uploaded by guru 2: 1768958353581_test_form.docx
2026-01-21T01:19:13.761Z [INFO]: ✅ Database connected successfully
2026-01-21T01:19:40.133Z [INFO]: User logged in: guru@gmail.com
2026-01-21T01:20:44.393Z [INFO]: User logged in: guru@gmail.com
2026-01-21T01:20:44.429Z [INFO]: Material uploaded by guru 2: 1768958444423_material.pdf
2026-01-21T01:20:44.624Z [INFO]: ✅ Database connected successfully
2026-01-21T01:21:09.411Z [INFO]: User logged in: guru@gmail.com
2026-01-21T01:21:09.436Z [INFO]: Material uploaded by guru 2: 1768958469430_materi.pdf
2026-01-21T01:21:09.448Z [INFO]: Material uploaded by guru 2: 1768958469444_materi.docx
2026-01-21T01:21:09.460Z [INFO]: Material uploaded by guru 2: 1768958469455_materi.pptx
2026-01-21T01:21:09.642Z [INFO]: ✅ Database connected successfully
2026-01-21T01:24:28.082Z [INFO]: User logged in: guru@gmail.com
2026-01-21T01:26:35.507Z [INFO]: User logged in: guru@gmail.com
2026-01-21T01:26:46.612Z [INFO]: User logged in: guru@gmail.com
2026-01-21T01:26:58.181Z [INFO]: User logged in: guru@gmail.com
2026-01-21T01:27:18.798Z [INFO]: User logged in: guru@gmail.com
2026-01-21T01:27:39.934Z [INFO]: Server running in development mode on port 3000
2026-01-21T01:27:39.961Z [INFO]: ✅ Database connected successfully
2026-01-21T01:28:15.455Z [INFO]: Server running in development mode on port 3000
2026-01-21T01:28:15.481Z [INFO]: ✅ Database connected successfully
2026-01-21T01:28:46.379Z [INFO]: Server running in development mode on port 3000
2026-01-21T01:28:46.404Z [INFO]: ✅ Database connected successfully
2026-01-21T01:33:16.631Z [INFO]: Server running in development mode on port 3000
2026-01-21T01:33:16.659Z [INFO]: ✅ Database connected successfully
2026-01-21T01:34:11.067Z [INFO]: Server running in development mode on port 3000
2026-01-21T01:34:11.125Z [INFO]: ✅ Database connected successfully
2026-01-21T01:35:09.570Z [INFO]: Server running in development mode on port 3000
2026-01-21T01:35:09.597Z [INFO]: ✅ Database connected successfully
2026-01-21T01:36:37.595Z [INFO]: Server running in development mode on port 3000
2026-01-21T01:36:37.621Z [INFO]: ✅ Database connected successfully
2026-01-21T01:36:57.780Z [INFO]: User logged in: guru@gmail.com
2026-01-21T01:37:38.534Z [INFO]: Material deleted by guru 2: 1768958469430_materi.pdf
2026-01-21T01:37:41.406Z [INFO]: Material deleted by guru 2: sample.txt
2026-01-21T01:37:42.749Z [INFO]: Material deleted by guru 2: sample.txt
2026-01-21T01:37:45.944Z [INFO]: Material deleted by guru 2: sample.txt
2026-01-21T01:40:08.188Z [INFO]: User logged in: admin@p4jakarta.go.id
2026-01-21T01:56:58.923Z [INFO]: Server running in development mode on port 3000
2026-01-21T01:56:58.952Z [INFO]: ✅ Database connected successfully
2026-01-21T01:58:40.547Z [INFO]: User logged in: admin@p4jakarta.go.id
2026-01-21T01:59:31.534Z [INFO]: User logged in: guru@gmail.com
2026-01-21T02:03:57.759Z [INFO]: Server running in development mode on port 3000
2026-01-21T02:03:57.795Z [INFO]: ✅ Database connected successfully
2026-01-21T02:05:06.659Z [INFO]: User logged in: admin@p4jakarta.go.id
2026-01-21T02:08:29.792Z [INFO]: Server running in development mode on port 3000
2026-01-21T02:08:29.816Z [INFO]: ✅ Database connected successfully
2026-01-21T02:11:43.566Z [INFO]: Server running in development mode on port 3000
2026-01-21T02:11:43.608Z [INFO]: ✅ Database connected successfully
2026-01-21T02:12:09.272Z [INFO]: User logged in: admin@p4jakarta.go.id
2026-01-21T02:12:43.891Z [INFO]: User logged in: guru@gmail.com
2026-01-21T02:25:56.399Z [INFO]: Server running in development mode on port 3000
2026-01-21T02:25:56.429Z [INFO]: ✅ Database connected successfully
2026-01-21T02:26:19.992Z [INFO]: User logged in: aziz@gmail.com
2026-01-21T02:26:45.212Z [INFO]: New P4 registration: aziz@gmail.com - Nomor Urut: 1
2026-01-21T02:27:15.357Z [INFO]: User logged in: admin@p4jakarta.go.id
2026-01-21T02:27:54.519Z [INFO]: Kuota status toggled by admin@p4jakarta.go.id: ID 2 -> closed
2026-01-21T02:27:58.593Z [INFO]: Kuota status toggled by admin@p4jakarta.go.id: ID 2 -> open
2026-01-21T02:30:35.803Z [INFO]: Kuota deleted by admin@p4jakarta.go.id: ID 1
2026-01-21T02:35:37.733Z [INFO]: User logged in: admin@p4jakarta.go.id
2026-01-21T02:42:19.687Z [INFO]: Server running in development mode on port 3000
2026-01-21T02:42:19.919Z [INFO]: ✅ Database connected successfully
2026-01-21T04:28:50.158Z [INFO]: Server running in development mode on port 3000
2026-01-21T04:28:50.391Z [INFO]: ✅ Database connected successfully
2026-01-21T04:30:36.385Z [INFO]: Server running in development mode on port 3000
2026-01-21T04:30:36.414Z [INFO]: ✅ Database connected successfully
2026-01-21T04:31:18.788Z [INFO]: User logged in: admin@p4jakarta.go.id
2026-01-21T04:42:03.590Z [INFO]: Server running in development mode on port 3000
2026-01-21T04:42:03.615Z [INFO]: ✅ Database connected successfully
2026-01-21T04:44:55.433Z [INFO]: Server running in development mode on port 3000
2026-01-21T04:44:55.457Z [INFO]: ✅ Database connected successfully
2026-01-21T04:45:32.644Z [INFO]: User logged in: admin@p4jakarta.go.id
2026-01-21T04:46:16.583Z [INFO]: Guru approved by admin@p4jakarta.go.id: ci-guru@example.com
2026-01-21T07:24:19.922Z [INFO]: Server running in development mode on port 3000
2026-01-21T07:24:19.958Z [INFO]: ✅ Database connected successfully
2026-01-21T07:24:35.093Z [INFO]: User logged in: admin@p4jakarta.go.id
2026-01-21T07:25:02.346Z [INFO]: Peserta deleted by admin@p4jakarta.go.id: ID 1
2026-01-21T07:26:23.909Z [INFO]: User logged in: guru@gmail.com
2026-01-21T07:27:04.160Z [INFO]: User logged in: admin@p4jakarta.go.id
2026-01-21T07:28:29.967Z [INFO]: User logged in: aziz@gmail.com
2026-01-21T07:32:30.177Z [INFO]: Server running in development mode on port 3000
2026-01-21T07:32:30.203Z [INFO]: ✅ Database connected successfully
2026-01-21T07:32:35.223Z [INFO]: User logged in: admin@p4jakarta.go.id
2026-01-21T07:40:47.239Z [INFO]: User logged in: admin@p4jakarta.go.id
2026-01-21T07:51:18.627Z [INFO]: Server running in development mode on port 3000
2026-01-21T07:51:18.660Z [INFO]: ✅ Database connected successfully
2026-01-21T07:52:06.597Z [INFO]: User logged in: admin@p4jakarta.go.id
2026-01-21T23:28:41.732Z [INFO]: Server running in development mode on port 3000
2026-01-21T23:28:41.774Z [INFO]: ✅ Database connected successfully
2026-01-21T23:59:07.238Z [INFO]: Server running in development mode on port 3000
2026-01-21T23:59:07.568Z [INFO]: ✅ Database connected successfully
2026-01-22T00:08:28.582Z [INFO]: Server running in development mode on port 3000
2026-01-22T00:08:28.644Z [INFO]: ✅ Database connected successfully
2026-01-22T00:12:15.277Z [INFO]: User logged in: admin@p4jakarta.go.id
2026-01-22T00:12:38.983Z [INFO]: Server running in development mode on port 3000
2026-01-22T00:12:39.020Z [INFO]: ✅ Database connected successfully
2026-01-22T00:12:47.487Z [INFO]: Server running in development mode on port 3000
2026-01-22T00:12:47.545Z [INFO]: ✅ Database connected successfully
2026-01-22T00:13:19.831Z [INFO]: User logged in: admin@p4jakarta.go.id
2026-01-22T00:34:16.915Z [INFO]: User logged in: guru@gmail.com
2026-01-22T00:36:05.211Z [INFO]: User logged in: admin@p4jakarta.go.id
2026-01-22T00:36:50.752Z [INFO]: User logged in: aziz@gmail.com
2026-01-22T00:37:57.329Z [ERROR]: Daftar P4 error: Anda sudah terdaftar pada periode ini
2026-01-22T00:38:15.885Z [ERROR]: Daftar P4 error: Anda sudah terdaftar pada periode ini
2026-01-22T00:44:44.870Z [INFO]: Server running in development mode on port 3000
2026-01-22T00:44:44.928Z [INFO]: ✅ Database connected successfully
2026-01-22T00:44:49.383Z [INFO]: Server running in development mode on port 3000
2026-01-22T00:44:49.420Z [INFO]: ✅ Database connected successfully
2026-01-22T00:45:20.930Z [INFO]: Server running in development mode on port 3000
2026-01-22T00:45:20.968Z [INFO]: ✅ Database connected successfully
2026-01-22T00:45:49.293Z [INFO]: Server running in development mode on port 3000
2026-01-22T00:45:49.332Z [INFO]: ✅ Database connected successfully
2026-01-22T00:45:50.863Z [INFO]: Server running in development mode on port 3000
2026-01-22T00:45:50.902Z [INFO]: ✅ Database connected successfully
2026-01-22T00:45:52.571Z [INFO]: Server running in development mode on port 3000
2026-01-22T00:45:52.608Z [INFO]: ✅ Database connected successfully
2026-01-22T00:45:55.399Z [INFO]: Server running in development mode on port 3000
2026-01-22T00:45:55.434Z [INFO]: ✅ Database connected successfully
2026-01-22T00:45:56.968Z [INFO]: Server running in development mode on port 3000
2026-01-22T00:45:57.007Z [INFO]: ✅ Database connected successfully
2026-01-22T00:45:59.409Z [INFO]: Server running in development mode on port 3000
2026-01-22T00:45:59.448Z [INFO]: ✅ Database connected successfully
2026-01-22T00:46:28.458Z [INFO]: Server running in development mode on port 3000
2026-01-22T00:46:28.517Z [INFO]: ✅ Database connected successfully
2026-01-22T00:46:38.251Z [INFO]: Server running in development mode on port 3000
2026-01-22T00:46:38.380Z [INFO]: ✅ Database connected successfully
2026-01-22T00:46:44.747Z [INFO]: Server running in development mode on port 3000
2026-01-22T00:46:44.785Z [INFO]: ✅ Database connected successfully
2026-01-22T00:47:04.648Z [INFO]: Server running in development mode on port 3000
2026-01-22T00:47:04.687Z [INFO]: ✅ Database connected successfully
2026-01-22T00:47:39.394Z [INFO]: Server running in development mode on port 3000
2026-01-22T00:47:39.437Z [INFO]: ✅ Database connected successfully
2026-01-22T00:49:05.968Z [INFO]: Server running in development mode on port 3000
2026-01-22T00:49:06.014Z [INFO]: ✅ Database connected successfully
2026-01-22T00:49:35.664Z [INFO]: User logged in: aziz@gmail.com
2026-01-22T00:49:55.884Z [ERROR]: Daftar P4 error: Anda sudah terdaftar pada periode ini
2026-01-22T00:55:35.038Z [INFO]: User logged in: admin@p4jakarta.go.id
2026-01-22T04:47:48.538Z [INFO]: Server running in development mode on port 3000
2026-01-22T04:47:48.573Z [INFO]: ✅ Database connected successfully
2026-01-22T04:48:05.555Z [INFO]: Server running in development mode on port 3000
2026-01-22T04:48:05.597Z [INFO]: ✅ Database connected successfully
2026-01-22T04:50:26.905Z [INFO]: Server running in development mode on port 3000
2026-01-22T04:50:26.943Z [INFO]: ✅ Database connected successfully
2026-01-22T04:54:17.240Z [INFO]: Server running in development mode on port 3000
2026-01-22T04:54:17.241Z [INFO]: Server running in development mode on port 3000
2026-01-22T04:54:17.284Z [INFO]: ✅ Database connected successfully
2026-01-22T04:54:17.286Z [INFO]: ✅ Database connected successfully
2026-01-22T04:58:59.176Z [INFO]: Server running in development mode on port 3000
2026-01-22T04:58:59.179Z [INFO]: Server running in development mode on port 3000
2026-01-22T04:58:59.229Z [INFO]: ✅ Database connected successfully
2026-01-22T04:58:59.236Z [INFO]: ✅ Database connected successfully
2026-01-22T05:01:31.885Z [INFO]: Server running in development mode on port 3000
2026-01-22T05:01:31.886Z [INFO]: Server running in development mode on port 3000
2026-01-22T05:01:31.925Z [INFO]: ✅ Database connected successfully
2026-01-22T05:01:31.931Z [INFO]: ✅ Database connected successfully
2026-01-22T05:01:50.168Z [INFO]: Server running in development mode on port 3000
2026-01-22T05:01:50.206Z [INFO]: ✅ Database connected successfully
2026-01-22T05:01:50.197Z [INFO]: Server running in development mode on port 3000
2026-01-22T05:01:50.237Z [INFO]: ✅ Database connected successfully
2026-01-23T03:03:26.367Z [INFO]: Server running in development mode on port 3000
2026-01-23T03:03:26.742Z [INFO]: ✅ Database connected successfully
2026-01-23T03:05:58.253Z [INFO]: Server running in development mode on port 3000
2026-01-23T03:05:58.301Z [INFO]: ✅ Database connected successfully
2026-01-23T03:12:32.779Z [INFO]: Server running in development mode on port 3000
2026-01-23T03:12:32.822Z [INFO]: ✅ Database connected successfully
2026-01-23T03:18:34.819Z [INFO]: User logged in: admin@p4jakarta.go.id
2026-01-23T03:19:09.832Z [INFO]: User logged in: aziz@gmail.com
2026-01-23T03:22:22.170Z [INFO]: User logged in: guru@gmail.com
2026-01-23T03:25:49.181Z [INFO]: User logged in: admin@p4jakarta.go.id
2026-01-23T03:43:18.378Z [INFO]: Server running in development mode on port 3000
2026-01-23T03:43:18.656Z [INFO]: ✅ Database connected successfully
2026-01-23T03:43:26.553Z [INFO]: Server running in development mode on port 3000
2026-01-23T03:43:26.640Z [INFO]: ✅ Database connected successfully
2026-01-23T03:43:27.833Z [INFO]: Server running in development mode on port 3000
2026-01-23T03:43:27.869Z [INFO]: ✅ Database connected successfully
2026-01-23T03:43:45.477Z [INFO]: Server running in development mode on port 3000
2026-01-23T03:43:45.523Z [INFO]: ✅ Database connected successfully
2026-01-23T03:43:56.659Z [INFO]: Server running in development mode on port 3000
2026-01-23T03:43:56.713Z [INFO]: ✅ Database connected successfully
2026-01-23T03:44:19.320Z [INFO]: Server running in development mode on port 3000
2026-01-23T03:44:19.365Z [INFO]: ✅ Database connected successfully
2026-01-23T03:44:27.471Z [INFO]: Server running in development mode on port 3000
2026-01-23T03:44:27.524Z [INFO]: ✅ Database connected successfully
2026-01-23T04:11:18.699Z [INFO]: Server running in development mode on port 3000
2026-01-23T04:11:18.735Z [INFO]: ✅ Database connected successfully
2026-01-23T04:11:22.963Z [ERROR]: Database query error: Incorrect arguments to mysqld_stmt_execute
2026-01-23T04:12:21.997Z [ERROR]: Database query error: Incorrect arguments to mysqld_stmt_execute
2026-01-23T04:12:41.833Z [INFO]: User logged in: admin@p4jakarta.go.id
2026-01-23T04:13:41.013Z [INFO]: Article created by admin@p4jakarta.go.id: p4 jaktim
2026-01-23T04:13:47.863Z [INFO]: Article updated by admin@p4jakarta.go.id: p4 jaktim
2026-01-23T04:13:56.060Z [INFO]: Article updated by admin@p4jakarta.go.id: p4 jaktim
2026-01-23T04:14:43.010Z [ERROR]: Database query error: Unknown column 'a.no_hp' in 'field list'
2026-01-23T04:14:43.011Z [ERROR]: Show manage admin error: Unknown column 'a.no_hp' in 'field list'
2026-01-23T04:15:59.526Z [INFO]: New kuota created by admin@p4jakarta.go.id: pelattihan teknik komputer
2026-01-23T04:16:15.808Z [ERROR]: Database query error: Incorrect arguments to mysqld_stmt_execute
2026-01-23T04:16:18.404Z [ERROR]: Database query error: Incorrect arguments to mysqld_stmt_execute
2026-01-23T04:17:08.259Z [INFO]: User logged in: aziz@gmail.com
2026-01-23T04:17:38.154Z [ERROR]: Daftar pelatihan error: Anda sudah terdaftar pada pelatihan ini
2026-01-23T04:18:10.764Z [INFO]: User logged in: guru@gmail.com
2026-01-23T04:19:00.374Z [INFO]: Server running in development mode on port 3000
2026-01-23T04:19:00.409Z [INFO]: ✅ Database connected successfully
2026-01-23T04:19:41.296Z [INFO]: Server running in development mode on port 3000
2026-01-23T04:19:41.337Z [INFO]: ✅ Database connected successfully
2026-01-23T04:20:53.012Z [INFO]: Server running in development mode on port 3000
2026-01-23T04:20:53.054Z [INFO]: ✅ Database connected successfully
2026-01-23T04:21:26.123Z [ERROR]: Database query error: Incorrect arguments to mysqld_stmt_execute
2026-01-23T04:22:18.782Z [INFO]: Server running in development mode on port 3000
2026-01-23T04:22:18.824Z [INFO]: ✅ Database connected successfully
2026-01-23T04:22:48.336Z [INFO]: Server running in development mode on port 3000
2026-01-23T04:22:48.386Z [INFO]: ✅ Database connected successfully
2026-01-23T04:24:08.023Z [INFO]: Server running in development mode on port 3000
2026-01-23T04:24:08.065Z [INFO]: ✅ Database connected successfully
2026-01-23T04:25:41.679Z [INFO]: Server running in development mode on port 3000
2026-01-23T04:25:41.727Z [INFO]: ✅ Database connected successfully
2026-01-23T04:26:16.718Z [INFO]: Server running in development mode on port 3000
2026-01-23T04:26:16.759Z [INFO]: ✅ Database connected successfully
2026-01-23T04:27:01.452Z [INFO]: Server running in development mode on port 3000
2026-01-23T04:27:01.491Z [INFO]: ✅ Database connected successfully
2026-01-23T04:35:19.915Z [INFO]: Server running in development mode on port 3000
2026-01-23T04:35:19.974Z [INFO]: ✅ Database connected successfully
2026-01-23T04:37:12.460Z [INFO]: User logged in: admin@p4jakarta.go.id
2026-01-23T04:37:37.589Z [INFO]: Article updated by admin@p4jakarta.go.id: p4 jaktim
2026-01-23T04:41:49.754Z [INFO]: Server running in development mode on port 3000
2026-01-23T04:41:49.804Z [INFO]: ✅ Database connected successfully
2026-01-27T03:05:43.199Z [INFO]: Server running in development mode on port 3000
2026-01-27T03:05:43.489Z [INFO]: ✅ Database connected successfully
2026-01-27T03:08:49.624Z [INFO]: Server running in development mode on port 3000
2026-01-27T03:08:49.667Z [INFO]: ✅ Database connected successfully
2026-01-27T03:14:43.438Z [INFO]: Server running in development mode on port 3000
2026-01-27T03:14:43.464Z [INFO]: ✅ Database connected successfully
2026-01-27T03:15:15.425Z [INFO]: User logged in: admin@p4.jakarta.go.id
2026-01-27T03:16:08.945Z [INFO]: Article created by admin@p4.jakarta.go.id: lekfbhu[0wqebgfuoq3if
2026-01-27T03:16:18.950Z [INFO]: Article updated by admin@p4.jakarta.go.id: lekfbhu[0wqebgfuoq3if
2026-01-27T03:18:45.851Z [INFO]: Server running in development mode on port 3000
2026-01-27T03:18:45.880Z [INFO]: ✅ Database connected successfully
2026-01-27T03:20:12.885Z [INFO]: Article updated by admin@p4.jakarta.go.id: lekfbhu[0wqebgfuoq3if
2026-01-27T03:20:15.792Z [INFO]: Article deleted by admin@p4.jakarta.go.id: lekfbhu[0wqebgfuoq3if
2026-01-27T03:26:21.126Z [INFO]: Server running in development mode on port 3000
2026-01-27T03:26:21.149Z [INFO]: ✅ Database connected successfully
2026-01-27T03:26:49.138Z [INFO]: Server running in development mode on port 3000
2026-01-27T03:26:49.162Z [INFO]: ✅ Database connected successfully
2026-01-27T03:28:24.925Z [INFO]: Server running in development mode on port 3000
2026-01-27T03:28:24.963Z [INFO]: ✅ Database connected successfully
2026-01-27T05:02:25.647Z [INFO]: Server running in development mode on port 3000
2026-01-27T05:02:25.678Z [INFO]: ✅ Database connected successfully
2026-01-29T01:34:29.410Z [INFO]: Server running in development mode on port 3000
2026-01-29T01:34:29.442Z [INFO]: ✅ Database connected successfully
2026-01-29T01:37:21.203Z [INFO]: User logged in: admin@p4.jakarta.go.id
2026-01-29T02:16:57.940Z [INFO]: User logged in: admin@p4.jakarta.go.id
2026-01-29T02:18:34.328Z [INFO]: Image uploaded: /uploads/articles/1769653114315_018943800_1710311605-mountains-8451480_1280.webp
2026-01-29T02:18:34.339Z [INFO]: Article created by admin@p4.jakarta.go.id: pelatihan p4 (ID: 2)
2026-01-29T02:39:47.201Z [INFO]: Server running in development mode on port 3000
2026-01-29T02:39:47.575Z [INFO]: ✅ Database connected successfully
2026-01-29T02:41:00.104Z [INFO]: User logged in: admin@p4.jakarta.go.id
2026-01-29T02:46:24.913Z [INFO]: Server running in development mode on port 3000
2026-01-29T02:46:24.949Z [INFO]: ✅ Database connected successfully
2026-01-29T02:48:25.279Z [INFO]: Server running in development mode on port 3000
2026-01-29T02:48:25.318Z [INFO]: ✅ Database connected successfully
2026-01-29T02:48:52.032Z [INFO]: Server running in development mode on port 3000
2026-01-29T02:48:52.069Z [INFO]: ✅ Database connected successfully
2026-01-29T02:51:38.228Z [INFO]: New peserta registered: aziz@gmail.com
2026-01-29T02:53:37.283Z [INFO]: New guru registered: guru@gmail.com (pending approval)
2026-01-29T02:54:14.316Z [INFO]: User logged in: admin@p4.jakarta.go.id
2026-01-29T02:55:09.242Z [INFO]: Guru approved by admin@p4.jakarta.go.id: guru@gmail.com
2026-01-29T02:57:21.700Z [INFO]: Server running in development mode on port 3000
2026-01-29T02:57:21.748Z [INFO]: ✅ Database connected successfully
2026-01-29T02:57:43.090Z [INFO]: Server running in development mode on port 3000
2026-01-29T02:57:43.135Z [INFO]: ✅ Database connected successfully
2026-01-29T03:00:35.378Z [INFO]: Server running in development mode on port 3000
2026-01-29T03:00:35.414Z [INFO]: ✅ Database connected successfully
2026-01-29T03:01:00.812Z [INFO]: Server running in development mode on port 3000
2026-01-29T03:01:00.868Z [INFO]: ✅ Database connected successfully
2026-01-29T03:01:21.968Z [INFO]: Server running in development mode on port 3000
2026-01-29T03:01:22.008Z [INFO]: ✅ Database connected successfully
2026-01-29T03:01:48.778Z [INFO]: Server running in development mode on port 3000
2026-01-29T03:01:48.842Z [INFO]: ✅ Database connected successfully
2026-01-29T03:06:03.844Z [INFO]: User logged in: admin@p4.jakarta.go.id
2026-01-29T03:06:25.364Z [INFO]: User logged in: aziz@gmail.com
2026-01-29T03:06:40.970Z [INFO]: New pelatihan registration: aziz@gmail.com - Kuota: 1 - Nomor Urut: 1
2026-01-29T03:07:26.942Z [INFO]: User logged in: admin@p4.jakarta.go.id
2026-01-29T03:12:06.213Z [INFO]: Server running in development mode on port 3000
2026-01-29T03:12:06.484Z [INFO]: ✅ Database connected successfully
2026-01-29T03:17:03.646Z [INFO]: Server running in development mode on port 3000
2026-01-29T03:17:03.687Z [INFO]: ✅ Database connected successfully
2026-01-29T03:23:14.925Z [INFO]: Server running in development mode on port 3000
2026-01-29T03:23:14.966Z [INFO]: ✅ Database connected successfully
2026-01-29T03:23:30.393Z [INFO]: Server running in development mode on port 3000
2026-01-29T03:23:30.444Z [INFO]: ✅ Database connected successfully
2026-01-29T03:24:31.187Z [INFO]: New admin added by admin@p4.jakarta.go.id: agung@gmail.com
2026-01-29T03:24:46.102Z [INFO]: User logged in: agung@gmail.com
2026-01-29T03:26:56.960Z [INFO]: New kuota created by agung@gmail.com: pelatihan TKJ 
2026-01-29T03:27:22.164Z [INFO]: User logged in: guru@gmail.com
2026-01-29T03:28:09.602Z [INFO]: User logged in: aziz@gmail.com
2026-01-29T03:28:51.550Z [INFO]: User logged in: guru@gmail.com
2026-01-29T03:30:43.635Z [INFO]: Server running in development mode on port 3000
2026-01-29T03:30:43.682Z [INFO]: ✅ Database connected successfully
2026-01-29T03:31:39.468Z [INFO]: Server running in development mode on port 3000
2026-01-29T03:31:39.498Z [INFO]: ✅ Database connected successfully
2026-01-29T03:32:25.143Z [INFO]: User logged in: guru@gmail.com
2026-01-29T03:32:57.236Z [INFO]: Server running in development mode on port 3000
2026-01-29T03:32:57.274Z [INFO]: ✅ Database connected successfully
2026-01-29T06:37:54.191Z [INFO]: Server running in development mode on port 3000
2026-01-29T06:37:54.440Z [INFO]: ✅ Database connected successfully
2026-01-29T06:50:09.295Z [INFO]: Server running in development mode on port 3000
2026-01-29T06:50:09.330Z [INFO]: ✅ Database connected successfully
2026-01-29T06:50:13.609Z [INFO]: Server running in development mode on port 3000
2026-01-29T06:50:13.641Z [INFO]: ✅ Database connected successfully
2026-01-29T06:58:56.527Z [INFO]: Server running in development mode on port 3000
2026-01-29T06:58:56.554Z [INFO]: ✅ Database connected successfully
2026-01-29T06:59:00.396Z [INFO]: Server running in development mode on port 3000
2026-01-29T06:59:00.428Z [INFO]: ✅ Database connected successfully
2026-01-29T06:59:03.705Z [INFO]: Server running in development mode on port 3000
2026-01-29T06:59:03.733Z [INFO]: ✅ Database connected successfully
2026-01-29T06:59:04.882Z [INFO]: Server running in development mode on port 3000
2026-01-29T06:59:04.911Z [INFO]: ✅ Database connected successfully
2026-01-29T06:59:17.074Z [INFO]: Server running in development mode on port 3000
2026-01-29T06:59:17.102Z [INFO]: ✅ Database connected successfully
2026-01-29T07:04:31.609Z [INFO]: Server running in development mode on port 3000
2026-01-29T07:04:31.640Z [INFO]: ✅ Database connected successfully
2026-01-29T07:06:49.406Z [INFO]: Server running in development mode on port 3000
2026-01-29T07:06:49.436Z [INFO]: ✅ Database connected successfully
2026-01-29T07:07:36.185Z [INFO]: User logged in: agung@gmail.com
2026-01-29T07:10:10.954Z [INFO]: Server running in development mode on port 3000
2026-01-29T07:10:10.983Z [INFO]: ✅ Database connected successfully
2026-01-29T07:11:43.702Z [INFO]: Server running in development mode on port 3000
2026-01-29T07:11:43.732Z [INFO]: ✅ Database connected successfully
2026-01-29T07:13:52.445Z [INFO]: User logged in: agung@gmail.com
2026-01-29T11:17:06.260Z [INFO]: Server running in development mode on port 3000
2026-01-29T11:17:06.277Z [INFO]: ✅ Database connected successfully
2026-01-29T11:17:12.526Z [INFO]: Server running in development mode on port 3000
2026-01-29T11:17:12.544Z [INFO]: ✅ Database connected successfully
2026-01-29T11:17:46.651Z [INFO]: Server running in development mode on port 3000
2026-01-29T11:17:46.669Z [INFO]: ✅ Database connected successfully
2026-01-30T16:01:30.454Z [INFO]: Server running in development mode on port 3000
2026-01-30T16:01:30.510Z [INFO]: ✅ Database connected successfully
2026-01-30T16:01:49.110Z [INFO]: User logged in: admin@p4.jakarta.go.id
2026-02-02T03:00:42.387Z [INFO]: Server running in development mode on port 3000
2026-02-02T03:00:42.556Z [INFO]: ✅ Database connected successfully
2026-02-02T03:01:25.241Z [INFO]: Server running in development mode on port 3001
2026-02-02T03:01:25.408Z [INFO]: ✅ Database connected successfully
2026-02-02T03:01:28.526Z [ERROR]: Database query error: Bind parameters must not contain undefined. To pass SQL NULL specify JS null
2026-02-02T03:01:28.658Z [ERROR]: Database query error: Table 'p4.articles' doesn't exist
2026-02-02T03:01:38.771Z [ERROR]: Database query error: Bind parameters must not contain undefined. To pass SQL NULL specify JS null
2026-02-02T03:01:51.373Z [ERROR]: Database query error: Bind parameters must not contain undefined. To pass SQL NULL specify JS null
2026-02-02T03:01:51.406Z [ERROR]: Database query error: Table 'p4.articles' doesn't exist
2026-02-02T03:02:15.539Z [ERROR]: Database query error: Bind parameters must not contain undefined. To pass SQL NULL specify JS null
2026-02-02T03:02:20.473Z [ERROR]: Database query error: Bind parameters must not contain undefined. To pass SQL NULL specify JS null
2026-02-02T03:02:41.818Z [ERROR]: Database query error: Bind parameters must not contain undefined. To pass SQL NULL specify JS null
2026-02-02T03:02:41.904Z [ERROR]: Database query error: Bind parameters must not contain undefined. To pass SQL NULL specify JS null
2026-02-02T03:02:41.934Z [ERROR]: Database query error: Unknown column 'tanggal_mulai' in 'order clause'
2026-02-02T03:02:51.549Z [ERROR]: Database query error: Bind parameters must not contain undefined. To pass SQL NULL specify JS null
2026-02-02T03:02:51.581Z [ERROR]: Database query error: Table 'p4.articles' doesn't exist
2026-02-02T03:02:59.815Z [ERROR]: Database query error: Bind parameters must not contain undefined. To pass SQL NULL specify JS null
2026-02-02T03:29:01.535Z [ERROR]: Database query error: Bind parameters must not contain undefined. To pass SQL NULL specify JS null
2026-02-02T03:29:01.564Z [ERROR]: Database query error: Table 'p4.articles' doesn't exist
2026-02-02T03:29:04.487Z [ERROR]: Database query error: Bind parameters must not contain undefined. To pass SQL NULL specify JS null
2026-02-02T03:29:17.198Z [ERROR]: Database query error: Bind parameters must not contain undefined. To pass SQL NULL specify JS null
2026-02-02T03:29:18.169Z [ERROR]: Database query error: Bind parameters must not contain undefined. To pass SQL NULL specify JS null
2026-02-02T03:29:18.200Z [ERROR]: Database query error: Table 'p4.articles' doesn't exist
2026-02-02T03:31:33.930Z [ERROR]: Database query error: Bind parameters must not contain undefined. To pass SQL NULL specify JS null
2026-02-02T03:31:34.617Z [ERROR]: Database query error: Bind parameters must not contain undefined. To pass SQL NULL specify JS null
2026-02-02T03:31:39.942Z [ERROR]: Database query error: Bind parameters must not contain undefined. To pass SQL NULL specify JS null
2026-02-02T03:31:40.327Z [ERROR]: Database query error: Bind parameters must not contain undefined. To pass SQL NULL specify JS null
2026-02-02T03:31:42.462Z [ERROR]: Database query error: Bind parameters must not contain undefined. To pass SQL NULL specify JS null
2026-02-02T03:31:43.153Z [ERROR]: Database query error: Bind parameters must not contain undefined. To pass SQL NULL specify JS null
2026-02-02T03:32:02.738Z [ERROR]: Database query error: Bind parameters must not contain undefined. To pass SQL NULL specify JS null
2026-02-02T03:33:00.480Z [ERROR]: Database query error: Bind parameters must not contain undefined. To pass SQL NULL specify JS null
2026-02-02T03:33:00.766Z [INFO]: User logged in: admin@p4.jakarta.go.id
2026-02-02T03:35:21.485Z [INFO]: User logged in: admin@p4.jakarta.go.id
2026-02-02T03:40:53.961Z [INFO]: Server running in development mode on port 3001
2026-02-02T03:40:54.052Z [INFO]: ✅ Database connected successfully
2026-02-02T03:46:14.801Z [INFO]: User logged in: admin@p4.jakarta.go.id
2026-02-02T03:46:33.519Z [INFO]: User logged in: admin@p4.jakarta.go.id
2026-02-02T03:54:03.271Z [INFO]: Server running in development mode on port 3001
2026-02-02T03:54:03.390Z [INFO]: ✅ Database connected successfully
2026-02-02T03:54:08.392Z [INFO]: Server running in development mode on port 3001
2026-02-02T03:54:08.545Z [INFO]: ✅ Database connected successfully
2026-02-02T03:54:21.278Z [INFO]: Server running in development mode on port 3001
2026-02-02T03:54:21.409Z [INFO]: ✅ Database connected successfully
2026-02-02T03:54:49.051Z [INFO]: User logged in: admin@p4.jakarta.go.id
2026-02-02T03:55:19.501Z [INFO]: Server running in development mode on port 3001
2026-02-02T03:55:19.608Z [INFO]: ✅ Database connected successfully
2026-02-02T03:55:48.477Z [INFO]: User logged in: admin@p4.jakarta.go.id
2026-02-02T03:57:35.836Z [INFO]: Server running in development mode on port 3001
2026-02-02T03:57:35.923Z [INFO]: ✅ Database connected successfully
2026-02-02T03:57:59.912Z [INFO]: Server running in development mode on port 3001
2026-02-02T03:57:59.981Z [INFO]: ✅ Database connected successfully
2026-02-02T03:58:16.073Z [INFO]: Server running in development mode on port 3001
2026-02-02T03:58:16.591Z [INFO]: ✅ Database connected successfully
2026-02-02T03:58:55.326Z [INFO]: User logged in: admin@p4.jakarta.go.id
2026-02-02T04:01:00.156Z [INFO]: User logged in: kinanderyl@gmail.com
2026-02-02T04:03:55.619Z [INFO]: Server running in development mode on port 3001
2026-02-02T04:03:55.711Z [INFO]: ✅ Database connected successfully
2026-02-02T04:04:16.669Z [INFO]: User logged in: kinanderyl@gmail.com
2026-02-02T04:07:36.943Z [INFO]: Server running in development mode on port 3001
2026-02-02T04:07:37.028Z [INFO]: ✅ Database connected successfully
2026-02-02T04:08:10.017Z [INFO]: User logged in: lakal@example.com
2026-02-02T04:09:19.273Z [INFO]: User logged in: admin@p4.jakarta.go.id
2026-02-02T04:10:18.915Z [INFO]: User logged in: lakal@example.com
2026-02-02T04:11:12.281Z [INFO]: Server running in development mode on port 3001
2026-02-02T04:11:12.579Z [INFO]: ✅ Database connected successfully
2026-02-02T04:12:38.739Z [INFO]: User logged in: admin@p4.jakarta.go.id
2026-02-02T04:16:01.143Z [INFO]: Server running in development mode on port 3001
2026-02-02T04:16:01.285Z [INFO]: ✅ Database connected successfully
2026-02-02T04:19:16.431Z [INFO]: New peserta registered: bintang@gmail.com
2026-02-02T04:19:36.230Z [INFO]: User logged in: admin@p4.jakarta.go.id
2026-02-02T05:07:02.224Z [INFO]: Server running in development mode on port 3001
2026-02-02T05:07:02.347Z [INFO]: ✅ Database connected successfully
2026-02-02T05:08:05.596Z [INFO]: Server running in development mode on port 3001
2026-02-02T05:08:05.830Z [INFO]: ✅ Database connected successfully
2026-02-02T06:05:37.737Z [INFO]: Server running in development mode on port 3001
2026-02-02T06:05:37.834Z [INFO]: ✅ Database connected successfully
2026-02-02T06:25:26.776Z [INFO]: User logged in: admin@p4.jakarta.go.id
2026-02-02T09:33:56.770Z [INFO]: Server running in development mode on port 3000
2026-02-02T09:33:56.813Z [INFO]: ✅ Database connected successfully
2026-02-02T09:40:39.222Z [INFO]: Server running in development mode on port 3000
2026-02-02T09:40:39.270Z [INFO]: ✅ Database connected successfully
2026-02-02T09:43:55.161Z [INFO]: User logged in: guru@gmail.com
2026-02-02T09:44:15.180Z [INFO]: User logged in: agung@gmail.com
2026-02-02T09:55:24.566Z [INFO]: Server running in development mode on port 3000
2026-02-02T09:55:24.614Z [INFO]: ✅ Database connected successfully
2026-02-02T09:56:28.881Z [INFO]: Server running in development mode on port 3000
2026-02-02T09:56:28.952Z [INFO]: ✅ Database connected successfully
2026-02-02T09:56:30.404Z [INFO]: Server running in development mode on port 3000
2026-02-02T09:56:30.450Z [INFO]: ✅ Database connected successfully
2026-02-02T09:57:13.163Z [INFO]: Server running in development mode on port 3000
2026-02-02T09:57:13.211Z [INFO]: ✅ Database connected successfully
2026-02-02T09:59:55.608Z [INFO]: Server running in development mode on port 3000
2026-02-02T09:59:55.649Z [INFO]: ✅ Database connected successfully
2026-02-02T10:00:01.787Z [INFO]: Server running in development mode on port 3000
2026-02-02T10:00:01.843Z [INFO]: ✅ Database connected successfully
2026-02-02T10:00:29.043Z [INFO]: Server running in development mode on port 3000
2026-02-02T10:00:29.116Z [INFO]: ✅ Database connected successfully
2026-02-02T10:00:35.290Z [INFO]: Server running in development mode on port 3000
2026-02-02T10:00:35.377Z [INFO]: ✅ Database connected successfully
2026-02-02T10:00:46.522Z [INFO]: Server running in development mode on port 3000
2026-02-02T10:00:46.576Z [INFO]: ✅ Database connected successfully
2026-02-02T10:02:15.899Z [INFO]: Server running in development mode on port 3000
2026-02-02T10:02:15.960Z [INFO]: ✅ Database connected successfully
2026-02-02T10:02:45.203Z [INFO]: Server running in development mode on port 3000
2026-02-02T10:02:45.249Z [INFO]: ✅ Database connected successfully
2026-02-02T10:02:55.206Z [INFO]: User logged in: agung@gmail.com
2026-02-02T10:06:57.917Z [INFO]: Server running in development mode on port 3000
2026-02-02T10:06:57.960Z [INFO]: ✅ Database connected successfully
2026-02-02T10:07:14.647Z [INFO]: Server running in development mode on port 3000
2026-02-02T10:07:14.706Z [INFO]: ✅ Database connected successfully
2026-02-02T10:07:37.842Z [INFO]: Server running in development mode on port 3000
2026-02-02T10:07:37.889Z [INFO]: ✅ Database connected successfully
2026-02-02T10:07:55.934Z [ERROR]: Database query error: Data truncated for column 'status' at row 1
2026-02-02T10:07:55.934Z [ERROR]: Update status pendaftaran siswa error: Data truncated for column 'status' at row 1
