2026-01-20T12:05:48.177Z [ERROR]: ❌ Database connection failed:
2026-01-20T12:37:20.190Z [ERROR]: Database query error: Unknown column 'g.created_at' in 'order clause'
2026-01-20T12:37:20.191Z [ERROR]: Show admin dashboard error: Unknown column 'g.created_at' in 'order clause'
2026-01-20T12:37:36.426Z [ERROR]: Database query error: Unknown column 'g.created_at' in 'order clause'
2026-01-20T12:37:36.427Z [ERROR]: Show admin dashboard error: Unknown column 'g.created_at' in 'order clause'
2026-01-20T12:37:38.938Z [ERROR]: Database query error: Unknown column 'a.created_at' in 'field list'
2026-01-20T12:37:38.940Z [ERROR]: Show manage admin error: Unknown column 'a.created_at' in 'field list'
2026-01-20T12:37:38.977Z [ERROR]: Database query error: Unknown column 'g.created_at' in 'order clause'
2026-01-20T12:37:38.977Z [ERROR]: Show admin dashboard error: Unknown column 'g.created_at' in 'order clause'
2026-01-20T12:37:40.849Z [ERROR]: Database query error: Unknown column 'g.created_at' in 'order clause'
2026-01-20T12:37:40.850Z [ERROR]: Show approve guru error: Unknown column 'g.created_at' in 'order clause'
2026-01-20T12:37:40.882Z [ERROR]: Database query error: Unknown column 'g.created_at' in 'order clause'
2026-01-20T12:37:40.884Z [ERROR]: Show admin dashboard error: Unknown column 'g.created_at' in 'order clause'
2026-01-20T12:37:43.016Z [ERROR]: Database query error: Unknown column 'g.created_at' in 'order clause'
2026-01-20T12:37:43.017Z [ERROR]: Show approve guru error: Unknown column 'g.created_at' in 'order clause'
2026-01-20T12:37:43.048Z [ERROR]: Database query error: Unknown column 'g.created_at' in 'order clause'
2026-01-20T12:37:43.049Z [ERROR]: Show admin dashboard error: Unknown column 'g.created_at' in 'order clause'
2026-01-20T12:37:44.401Z [ERROR]: Database query error: Unknown column 'g.created_at' in 'order clause'
2026-01-20T12:37:44.402Z [ERROR]: Show approve guru error: Unknown column 'g.created_at' in 'order clause'
2026-01-20T12:37:44.434Z [ERROR]: Database query error: Unknown column 'g.created_at' in 'order clause'
2026-01-20T12:37:44.434Z [ERROR]: Show admin dashboard error: Unknown column 'g.created_at' in 'order clause'
2026-01-20T12:37:45.545Z [ERROR]: Database query error: Unknown column 'p.created_at' in 'order clause'
2026-01-20T12:37:45.546Z [ERROR]: Show manage peserta error: Unknown column 'p.created_at' in 'order clause'
2026-01-20T12:37:45.576Z [ERROR]: Database query error: Unknown column 'g.created_at' in 'order clause'
2026-01-20T12:37:45.577Z [ERROR]: Show admin dashboard error: Unknown column 'g.created_at' in 'order clause'
2026-01-20T12:38:22.937Z [ERROR]: Database query error: Unknown column 'g.created_at' in 'order clause'
2026-01-20T12:38:22.937Z [ERROR]: Show admin dashboard error: Unknown column 'g.created_at' in 'order clause'
2026-01-20T12:38:31.701Z [ERROR]: Database query error: Unknown column 'g.created_at' in 'order clause'
2026-01-20T12:38:31.703Z [ERROR]: Show admin dashboard error: Unknown column 'g.created_at' in 'order clause'
2026-01-20T12:39:58.936Z [ERROR]: Database query error: Unknown column 'a.created_at' in 'field list'
2026-01-20T12:39:58.937Z [ERROR]: Show manage admin error: Unknown column 'a.created_at' in 'field list'
2026-01-20T12:39:58.976Z [ERROR]: Database query error: Unknown column 'g.created_at' in 'order clause'
2026-01-20T12:39:58.977Z [ERROR]: Show admin dashboard error: Unknown column 'g.created_at' in 'order clause'
2026-01-20T12:40:00.592Z [ERROR]: Database query error: Unknown column 'g.created_at' in 'order clause'
2026-01-20T12:40:00.593Z [ERROR]: Show approve guru error: Unknown column 'g.created_at' in 'order clause'
2026-01-20T12:40:00.624Z [ERROR]: Database query error: Unknown column 'g.created_at' in 'order clause'
2026-01-20T12:40:00.625Z [ERROR]: Show admin dashboard error: Unknown column 'g.created_at' in 'order clause'
2026-01-20T12:40:02.143Z [ERROR]: Database query error: Unknown column 'p.created_at' in 'order clause'
2026-01-20T12:40:02.143Z [ERROR]: Show manage peserta error: Unknown column 'p.created_at' in 'order clause'
2026-01-20T12:40:02.175Z [ERROR]: Database query error: Unknown column 'g.created_at' in 'order clause'
2026-01-20T12:40:02.175Z [ERROR]: Show admin dashboard error: Unknown column 'g.created_at' in 'order clause'
2026-01-20T12:41:40.960Z [ERROR]: Database query error: Unknown column 'kuota' in 'field list'
2026-01-20T12:42:55.025Z [ERROR]: Database query error: Unknown column 'g.created_at' in 'order clause'
2026-01-20T12:42:55.026Z [ERROR]: Show admin dashboard error: Unknown column 'g.created_at' in 'order clause'
2026-01-20T12:50:53.816Z [ERROR]: Database query error: Unknown column 'tanggal_mulai' in 'field list'
2026-01-20T12:56:55.093Z [ERROR]: Database query error: Unknown column 'g.created_at' in 'order clause'
2026-01-20T12:56:55.096Z [ERROR]: Show admin dashboard error: Unknown column 'g.created_at' in 'order clause'
2026-01-20T12:57:01.427Z [ERROR]: Database query error: Unknown column 'a.created_at' in 'field list'
2026-01-20T12:57:01.428Z [ERROR]: Show manage admin error: Unknown column 'a.created_at' in 'field list'
2026-01-20T12:57:01.458Z [ERROR]: Database query error: Unknown column 'g.created_at' in 'order clause'
2026-01-20T12:57:01.459Z [ERROR]: Show admin dashboard error: Unknown column 'g.created_at' in 'order clause'
2026-01-20T12:57:03.864Z [ERROR]: Database query error: Unknown column 'g.created_at' in 'order clause'
2026-01-20T12:57:03.865Z [ERROR]: Show approve guru error: Unknown column 'g.created_at' in 'order clause'
2026-01-20T12:57:03.902Z [ERROR]: Database query error: Unknown column 'g.created_at' in 'order clause'
2026-01-20T12:57:03.903Z [ERROR]: Show admin dashboard error: Unknown column 'g.created_at' in 'order clause'
2026-01-20T12:57:05.253Z [ERROR]: Database query error: Unknown column 'p.created_at' in 'order clause'
2026-01-20T12:57:05.258Z [ERROR]: Show manage peserta error: Unknown column 'p.created_at' in 'order clause'
2026-01-20T12:57:05.288Z [ERROR]: Database query error: Unknown column 'g.created_at' in 'order clause'
2026-01-20T12:57:05.289Z [ERROR]: Show admin dashboard error: Unknown column 'g.created_at' in 'order clause'
2026-01-20T12:57:20.658Z [ERROR]: Database query error: Unknown column 'a.created_at' in 'field list'
2026-01-20T12:57:20.659Z [ERROR]: Show manage admin error: Unknown column 'a.created_at' in 'field list'
2026-01-20T12:57:20.688Z [ERROR]: Database query error: Unknown column 'g.created_at' in 'order clause'
2026-01-20T12:57:20.689Z [ERROR]: Show admin dashboard error: Unknown column 'g.created_at' in 'order clause'
2026-01-20T12:57:27.040Z [ERROR]: Database query error: Unknown column 'a.created_at' in 'field list'
2026-01-20T12:57:27.041Z [ERROR]: Show manage admin error: Unknown column 'a.created_at' in 'field list'
2026-01-20T12:57:27.097Z [ERROR]: Database query error: Unknown column 'g.created_at' in 'order clause'
2026-01-20T12:57:27.098Z [ERROR]: Show admin dashboard error: Unknown column 'g.created_at' in 'order clause'
2026-01-20T12:57:28.694Z [ERROR]: Database query error: Unknown column 'g.created_at' in 'order clause'
2026-01-20T12:57:28.694Z [ERROR]: Show admin dashboard error: Unknown column 'g.created_at' in 'order clause'
2026-01-20T12:57:30.375Z [ERROR]: Database query error: Unknown column 'a.created_at' in 'field list'
2026-01-20T12:57:30.376Z [ERROR]: Show manage admin error: Unknown column 'a.created_at' in 'field list'
2026-01-20T12:57:30.411Z [ERROR]: Database query error: Unknown column 'g.created_at' in 'order clause'
2026-01-20T12:57:30.412Z [ERROR]: Show admin dashboard error: Unknown column 'g.created_at' in 'order clause'
2026-01-20T12:57:31.724Z [ERROR]: Database query error: Unknown column 'g.created_at' in 'order clause'
2026-01-20T12:57:31.725Z [ERROR]: Show approve guru error: Unknown column 'g.created_at' in 'order clause'
2026-01-20T12:57:31.774Z [ERROR]: Database query error: Unknown column 'g.created_at' in 'order clause'
2026-01-20T12:57:31.776Z [ERROR]: Show admin dashboard error: Unknown column 'g.created_at' in 'order clause'
2026-01-20T12:57:32.669Z [ERROR]: Database query error: Unknown column 'p.created_at' in 'order clause'
2026-01-20T12:57:32.670Z [ERROR]: Show manage peserta error: Unknown column 'p.created_at' in 'order clause'
2026-01-20T12:57:32.699Z [ERROR]: Database query error: Unknown column 'g.created_at' in 'order clause'
2026-01-20T12:57:32.699Z [ERROR]: Show admin dashboard error: Unknown column 'g.created_at' in 'order clause'
2026-01-20T12:58:51.464Z [ERROR]: Database query error: Unknown column 'g.created_at' in 'order clause'
2026-01-20T12:58:51.471Z [ERROR]: Show admin dashboard error: Unknown column 'g.created_at' in 'order clause'
2026-01-20T13:00:01.405Z [ERROR]: Database query error: Unknown column 'p.created_at' in 'order clause'
2026-01-20T13:00:01.406Z [ERROR]: Show manage peserta error: Unknown column 'p.created_at' in 'order clause'
2026-01-20T13:00:01.460Z [ERROR]: Database query error: Unknown column 'g.created_at' in 'order clause'
2026-01-20T13:00:01.461Z [ERROR]: Show admin dashboard error: Unknown column 'g.created_at' in 'order clause'
2026-01-20T13:00:02.315Z [ERROR]: Database query error: Unknown column 'g.created_at' in 'order clause'
2026-01-20T13:00:02.315Z [ERROR]: Show approve guru error: Unknown column 'g.created_at' in 'order clause'
2026-01-20T13:00:02.340Z [ERROR]: Database query error: Unknown column 'g.created_at' in 'order clause'
2026-01-20T13:00:02.340Z [ERROR]: Show admin dashboard error: Unknown column 'g.created_at' in 'order clause'
2026-01-20T13:12:14.206Z [ERROR]: Database query error: Unknown column 'g.created_at' in 'order clause'
2026-01-20T13:12:14.207Z [ERROR]: Show admin dashboard error: Unknown column 'g.created_at' in 'order clause'
2026-01-20T13:12:24.768Z [ERROR]: Database query error: Unknown column 'g.created_at' in 'order clause'
2026-01-20T13:12:24.770Z [ERROR]: Show admin dashboard error: Unknown column 'g.created_at' in 'order clause'
2026-01-20T13:12:45.766Z [ERROR]: Database query error: Unknown column 'g.created_at' in 'order clause'
2026-01-20T13:12:45.767Z [ERROR]: Show admin dashboard error: Unknown column 'g.created_at' in 'order clause'
2026-01-20T13:12:46.510Z [ERROR]: Database query error: Unknown column 'g.created_at' in 'order clause'
2026-01-20T13:12:46.511Z [ERROR]: Show admin dashboard error: Unknown column 'g.created_at' in 'order clause'
2026-01-20T13:12:46.731Z [ERROR]: Database query error: Unknown column 'g.created_at' in 'order clause'
2026-01-20T13:12:46.732Z [ERROR]: Show admin dashboard error: Unknown column 'g.created_at' in 'order clause'
2026-01-20T13:13:51.921Z [ERROR]: Database query error: Unknown column 'g.created_at' in 'order clause'
2026-01-20T13:13:51.922Z [ERROR]: Show admin dashboard error: Unknown column 'g.created_at' in 'order clause'
2026-01-20T13:14:01.841Z [ERROR]: Database query error: Unknown column 'g.created_at' in 'order clause'
2026-01-20T13:14:01.841Z [ERROR]: Show admin dashboard error: Unknown column 'g.created_at' in 'order clause'
2026-01-20T13:14:28.869Z [ERROR]: Database query error: Unknown column 'g.created_at' in 'order clause'
2026-01-20T13:14:28.870Z [ERROR]: Show admin dashboard error: Unknown column 'g.created_at' in 'order clause'
2026-01-20T13:14:32.389Z [ERROR]: Database query error: Unknown column 'g.created_at' in 'order clause'
2026-01-20T13:14:32.389Z [ERROR]: Show admin dashboard error: Unknown column 'g.created_at' in 'order clause'
2026-01-20T13:17:25.588Z [ERROR]: Database query error: Unknown column 'g.created_at' in 'order clause'
2026-01-20T13:53:25.579Z [ERROR]: Database query error: Bind parameters must not contain undefined. To pass SQL NULL specify JS null
2026-01-20T13:53:25.580Z [ERROR]: Register peserta error: Bind parameters must not contain undefined. To pass SQL NULL specify JS null
2026-01-20T14:01:07.388Z [ERROR]: Database query error: Bind parameters must not contain undefined. To pass SQL NULL specify JS null
2026-01-20T14:01:07.389Z [ERROR]: Register peserta error: Bind parameters must not contain undefined. To pass SQL NULL specify JS null
2026-01-20T14:24:03.650Z [ERROR]: Database query error: Bind parameters must not contain undefined. To pass SQL NULL specify JS null
2026-01-20T14:24:03.651Z [ERROR]: Register peserta error: Bind parameters must not contain undefined. To pass SQL NULL specify JS null
2026-01-20T14:51:01.953Z [ERROR]: Database query error: Bind parameters must not contain undefined. To pass SQL NULL specify JS null
2026-01-20T14:51:01.954Z [ERROR]: Register peserta error: Bind parameters must not contain undefined. To pass SQL NULL specify JS null
2026-01-20T14:51:19.363Z [ERROR]: Database query error: Bind parameters must not contain undefined. To pass SQL NULL specify JS null
2026-01-20T14:51:19.364Z [ERROR]: Register peserta error: Bind parameters must not contain undefined. To pass SQL NULL specify JS null
2026-01-20T23:21:16.125Z [ERROR]: Database query error: Bind parameters must not contain undefined. To pass SQL NULL specify JS null
2026-01-20T23:21:16.127Z [ERROR]: Register peserta error: Bind parameters must not contain undefined. To pass SQL NULL specify JS null
2026-01-21T00:41:29.533Z [ERROR]: Database query error: Table 'p4.materials' doesn't exist
2026-01-21T01:01:36.276Z [ERROR]: Database query error: Table 'p4.user' doesn't exist
2026-01-22T00:37:57.329Z [ERROR]: Daftar P4 error: Anda sudah terdaftar pada periode ini
2026-01-22T00:38:15.885Z [ERROR]: Daftar P4 error: Anda sudah terdaftar pada periode ini
2026-01-22T00:49:55.884Z [ERROR]: Daftar P4 error: Anda sudah terdaftar pada periode ini
2026-01-23T04:11:22.963Z [ERROR]: Database query error: Incorrect arguments to mysqld_stmt_execute
2026-01-23T04:12:21.997Z [ERROR]: Database query error: Incorrect arguments to mysqld_stmt_execute
2026-01-23T04:14:43.010Z [ERROR]: Database query error: Unknown column 'a.no_hp' in 'field list'
2026-01-23T04:14:43.011Z [ERROR]: Show manage admin error: Unknown column 'a.no_hp' in 'field list'
2026-01-23T04:16:15.808Z [ERROR]: Database query error: Incorrect arguments to mysqld_stmt_execute
2026-01-23T04:16:18.404Z [ERROR]: Database query error: Incorrect arguments to mysqld_stmt_execute
2026-01-23T04:17:38.154Z [ERROR]: Daftar pelatihan error: Anda sudah terdaftar pada pelatihan ini
2026-01-23T04:21:26.123Z [ERROR]: Database query error: Incorrect arguments to mysqld_stmt_execute
2026-02-02T03:01:28.526Z [ERROR]: Database query error: Bind parameters must not contain undefined. To pass SQL NULL specify JS null
2026-02-02T03:01:28.658Z [ERROR]: Database query error: Table 'p4.articles' doesn't exist
2026-02-02T03:01:38.771Z [ERROR]: Database query error: Bind parameters must not contain undefined. To pass SQL NULL specify JS null
2026-02-02T03:01:51.373Z [ERROR]: Database query error: Bind parameters must not contain undefined. To pass SQL NULL specify JS null
2026-02-02T03:01:51.406Z [ERROR]: Database query error: Table 'p4.articles' doesn't exist
2026-02-02T03:02:15.539Z [ERROR]: Database query error: Bind parameters must not contain undefined. To pass SQL NULL specify JS null
2026-02-02T03:02:20.473Z [ERROR]: Database query error: Bind parameters must not contain undefined. To pass SQL NULL specify JS null
2026-02-02T03:02:41.818Z [ERROR]: Database query error: Bind parameters must not contain undefined. To pass SQL NULL specify JS null
2026-02-02T03:02:41.904Z [ERROR]: Database query error: Bind parameters must not contain undefined. To pass SQL NULL specify JS null
2026-02-02T03:02:41.934Z [ERROR]: Database query error: Unknown column 'tanggal_mulai' in 'order clause'
2026-02-02T03:02:51.549Z [ERROR]: Database query error: Bind parameters must not contain undefined. To pass SQL NULL specify JS null
2026-02-02T03:02:51.581Z [ERROR]: Database query error: Table 'p4.articles' doesn't exist
2026-02-02T03:02:59.815Z [ERROR]: Database query error: Bind parameters must not contain undefined. To pass SQL NULL specify JS null
2026-02-02T03:29:01.535Z [ERROR]: Database query error: Bind parameters must not contain undefined. To pass SQL NULL specify JS null
2026-02-02T03:29:01.564Z [ERROR]: Database query error: Table 'p4.articles' doesn't exist
2026-02-02T03:29:04.487Z [ERROR]: Database query error: Bind parameters must not contain undefined. To pass SQL NULL specify JS null
2026-02-02T03:29:17.198Z [ERROR]: Database query error: Bind parameters must not contain undefined. To pass SQL NULL specify JS null
2026-02-02T03:29:18.169Z [ERROR]: Database query error: Bind parameters must not contain undefined. To pass SQL NULL specify JS null
2026-02-02T03:29:18.200Z [ERROR]: Database query error: Table 'p4.articles' doesn't exist
2026-02-02T03:31:33.930Z [ERROR]: Database query error: Bind parameters must not contain undefined. To pass SQL NULL specify JS null
2026-02-02T03:31:34.617Z [ERROR]: Database query error: Bind parameters must not contain undefined. To pass SQL NULL specify JS null
2026-02-02T03:31:39.942Z [ERROR]: Database query error: Bind parameters must not contain undefined. To pass SQL NULL specify JS null
2026-02-02T03:31:40.327Z [ERROR]: Database query error: Bind parameters must not contain undefined. To pass SQL NULL specify JS null
2026-02-02T03:31:42.462Z [ERROR]: Database query error: Bind parameters must not contain undefined. To pass SQL NULL specify JS null
2026-02-02T03:31:43.153Z [ERROR]: Database query error: Bind parameters must not contain undefined. To pass SQL NULL specify JS null
2026-02-02T03:32:02.738Z [ERROR]: Database query error: Bind parameters must not contain undefined. To pass SQL NULL specify JS null
2026-02-02T03:33:00.480Z [ERROR]: Database query error: Bind parameters must not contain undefined. To pass SQL NULL specify JS null
